[14:29:54] [ServerMain/INFO]: Environment: Environment[accountsHost=https://api.mojang.com, sessionHost=https://sessionserver.mojang.com, servicesHost=https://api.minecraftservices.com, name=PROD]
[14:29:55] [ServerMain/INFO]: Loaded 7 recipes
[14:29:56] [Server thread/INFO]: Starting minecraft server version 1.20.2
[14:29:56] [Server thread/INFO]: Loading properties
[14:29:56] [Server thread/INFO]: This server is running Paper version git-Paper-259 (MC: 1.20.2) (Implementing API version 1.20.2-R0.1-SNAPSHOT) (Git: 5bb30ce)
[14:29:56] [Server thread/INFO]: Server Ping Player Sample Count: 12
[14:29:56] [Server thread/INFO]: Using 4 threads for Netty based IO
[14:29:56] [Server thread/WARN]: [!] The timings profiler has been enabled but has been scheduled for removal from Paper in the future.
    We recommend installing the spark profiler as a replacement: https://spark.lucko.me/
    For more information please visit: https://github.com/PaperMC/Paper/issues/8948
[14:29:56] [Server thread/INFO]: [ChunkTaskScheduler] Chunk system is using 1 I/O threads, 3 worker threads, and gen parallelism of 3 threads
[14:29:56] [Server thread/INFO]: Default game type: SURVIVAL
[14:29:56] [Server thread/INFO]: Generating keypair
[14:29:56] [Server thread/INFO]: Starting Minecraft server on *:62001
[14:29:57] [Server thread/INFO]: Using epoll channel type
[14:29:57] [Server thread/INFO]: Paper: Using libdeflate (Linux x86_64) compression from Velocity.
[14:29:57] [Server thread/INFO]: Paper: Using OpenSSL 3.0.x (Linux x86_64) cipher from Velocity.
[14:29:57] [Server thread/INFO]: [SpigotLibraryLoader] [MXTimer] Loading 6 libraries... please wait
[14:29:57] [Server thread/INFO]: [SpigotLibraryLoader] [MXTimer] Loaded library /home/max/dev/MXGU/MXTimer/run/libraries/org/jetbrains/kotlin/kotlin-stdlib/1.9.10/kotlin-stdlib-1.9.10.jar
[14:29:57] [Server thread/INFO]: [SpigotLibraryLoader] [MXTimer] Loaded library /home/max/dev/MXGU/MXTimer/run/libraries/org/jetbrains/kotlin/kotlin-stdlib-common/1.9.10/kotlin-stdlib-common-1.9.10.jar
[14:29:57] [Server thread/INFO]: [SpigotLibraryLoader] [MXTimer] Loaded library /home/max/dev/MXGU/MXTimer/run/libraries/org/jetbrains/annotations/13.0/annotations-13.0.jar
[14:29:57] [Server thread/INFO]: [SpigotLibraryLoader] [MXTimer] Loaded library /home/max/dev/MXGU/MXTimer/run/libraries/org/jetbrains/kotlin/kotlin-reflect/1.9.0/kotlin-reflect-1.9.0.jar
[14:29:57] [Server thread/INFO]: [SpigotLibraryLoader] [MXTimer] Loaded library /home/max/dev/MXGU/MXTimer/run/libraries/dev/jorel/commandapi-bukkit-shade/9.2.0/commandapi-bukkit-shade-9.2.0.jar
[14:29:57] [Server thread/INFO]: [SpigotLibraryLoader] [MXTimer] Loaded library /home/max/dev/MXGU/MXTimer/run/libraries/dev/jorel/commandapi-bukkit-kotlin/9.2.0/commandapi-bukkit-kotlin-9.2.0.jar
[14:29:57] [Server thread/INFO]: [SpigotLibraryLoader] [MXTimer] Loaded library /home/max/dev/MXGU/MXTimer/run/libraries/dev/jorel/commandapi-core-kotlin/9.2.0/commandapi-core-kotlin-9.2.0.jar
[14:29:57] [Server thread/INFO]: [SpigotLibraryLoader] [MXTimer] Loaded library /home/max/dev/MXGU/MXTimer/run/libraries/io/github/rysefoxx/inventory/RyseInventory-Plugin/1.6.4/RyseInventory-Plugin-1.6.4.jar
[14:29:57] [Server thread/INFO]: [SpigotLibraryLoader] [MXTimer] Loaded library /home/max/dev/MXGU/MXTimer/run/libraries/org/jetbrains/kotlinx/kotlinx-coroutines-core/1.7.3/kotlinx-coroutines-core-1.7.3.jar
[14:29:57] [Server thread/INFO]: [SpigotLibraryLoader] [MXTimer] Loaded library /home/max/dev/MXGU/MXTimer/run/libraries/org/jetbrains/kotlinx/kotlinx-coroutines-core-jvm/1.7.3/kotlinx-coroutines-core-jvm-1.7.3.jar
[14:29:57] [Server thread/INFO]: [SpigotLibraryLoader] [MXTimer] Loaded library /home/max/dev/MXGU/MXTimer/run/libraries/org/jetbrains/kotlin/kotlin-stdlib-jdk8/1.8.20/kotlin-stdlib-jdk8-1.8.20.jar
[14:29:57] [Server thread/INFO]: [SpigotLibraryLoader] [MXTimer] Loaded library /home/max/dev/MXGU/MXTimer/run/libraries/org/jetbrains/kotlin/kotlin-stdlib-jdk7/1.8.20/kotlin-stdlib-jdk7-1.8.20.jar
[14:29:57] [Server thread/INFO]: [MXTimer] Loading server plugin MXTimer v1
[14:29:57] [Server thread/INFO]: [CommandAPI] Loaded platform NMS_1_20_R2 > NMS_Common > CommandAPIBukkit
[14:29:57] [Server thread/INFO]: [CommandAPI] Hooked into Spigot successfully for Chat/ChatComponents
[14:29:57] [Server thread/INFO]: [CommandAPI] Hooked into Adventure for AdventureChat/AdventureChatComponents
[14:29:57] [Server thread/INFO]: [CommandAPI] Hooked into Paper for paper-specific API implementations
[14:29:57] [Server thread/INFO]: [MXTimer] [WARN] MXTimer is running in debug mode!
[14:29:57] [Server thread/INFO]: [MXTimer] [WARN] This mode is only meant for developers and can cause odd behaviour and will clutter the console with messages!
[14:29:57] [Server thread/INFO]: [MXTimer] [WARN] If you did not intend to use debug mode, and are not a developer, please contact the Support!
[14:29:57] [Server thread/INFO]: [MXTimer] [WARN] https://dc.mxgu.de
[14:29:57] [Server thread/INFO]: [MXTimer] Checking for new translations for common
[14:29:57] [Server thread/INFO]: [MXTimer] No new translations found for common.
[14:29:57] [Server thread/INFO]: [MXTimer] Checking for new translations for gui
[14:29:57] [Server thread/INFO]: [MXTimer] No new translations found for gui.
[14:29:57] [Server thread/INFO]: [MXTimer] Checking for new translations for messages
[14:29:57] [Server thread/INFO]: [MXTimer] No new translations found for messages.
[14:29:57] [Server thread/INFO]: [MXTimer] [INFO] MXTimer Loaded successfully
[14:29:57] [Server thread/INFO]: [LuckPerms] Loading server plugin LuckPerms v5.4.106
[14:29:57] [Server thread/INFO]: Server permissions file permissions.yml is empty, ignoring it
[14:29:57] [Server thread/INFO]: [MXTimer] Enabling MXTimer v1
[14:29:57] [Server thread/INFO]: [CommandAPI] Hooked into Paper ServerResourcesReloadedEvent
[14:29:57] [Server thread/INFO]: [MXTimer] [INFO] Loading Timer Designs...
[14:29:57] [Server thread/INFO]: [MXTimer] [DEBUG] Loading Design template-design
[14:29:57] [Server thread/INFO]: [MXTimer] [DEBUG] Loading Design default
[14:29:57] [Server thread/INFO]: [MXTimer] [DEBUG] Loading Design blacknwhite
[14:29:57] [Server thread/INFO]: [MXTimer] [DEBUG] Loading Design rainbow
[14:29:57] [Server thread/INFO]: [MXTimer] [DEBUG] Loading Design default-bossbar
[14:29:57] [Server thread/INFO]: [MXTimer] [INFO] Loading Timers...
[14:29:57] [Server thread/INFO]: [MXTimer] [DEBUG] Loading Timer global-timer
[14:29:57] [Server thread/INFO]: [MXTimer] [DEBUG] Config loaded
[14:29:57] [Server thread/INFO]: [MXTimer] [DEBUG] Loading Timer 11e6f3a0-d838-4f93-a046-e16e5cd0dbd8
[14:29:57] [Server thread/INFO]: [MXTimer] [INFO] Timers Loaded!
[14:29:57] [Server thread/ERROR]: Error occurred while enabling MXTimer v1 (Is it up to date?)
java.lang.NoClassDefFoundError: de/mxgu/mxtimer/watchservice/KWatchChannel$Mode
	at de.mxgu.mxtimer.utils.DesignHotReloader.<clinit>(DesignHotReloader.kt:15) ~[MXTimer-1.jar:?]
	at de.mxgu.mxtimer.MXTimerMain.startup(Main.kt:66) ~[MXTimer-1.jar:?]
	at de.maxbossing.mxpaper.main.MXPaper.onEnable(MXPaper.kt:75) ~[MXTimer-1.jar:?]
	at org.bukkit.plugin.java.JavaPlugin.setEnabled(JavaPlugin.java:281) ~[paper-api-1.20.2-R0.1-SNAPSHOT.jar:?]
	at io.papermc.paper.plugin.manager.PaperPluginInstanceManager.enablePlugin(PaperPluginInstanceManager.java:189) ~[paper-1.20.2.jar:git-Paper-259]
	at io.papermc.paper.plugin.manager.PaperPluginManagerImpl.enablePlugin(PaperPluginManagerImpl.java:104) ~[paper-1.20.2.jar:git-Paper-259]
	at org.bukkit.plugin.SimplePluginManager.enablePlugin(SimplePluginManager.java:507) ~[paper-api-1.20.2-R0.1-SNAPSHOT.jar:?]
	at org.bukkit.craftbukkit.v1_20_R2.CraftServer.enablePlugin(CraftServer.java:644) ~[paper-1.20.2.jar:git-Paper-259]
	at org.bukkit.craftbukkit.v1_20_R2.CraftServer.enablePlugins(CraftServer.java:555) ~[paper-1.20.2.jar:git-Paper-259]
	at net.minecraft.server.dedicated.DedicatedServer.initServer(DedicatedServer.java:274) ~[paper-1.20.2.jar:git-Paper-259]
	at net.minecraft.server.MinecraftServer.runServer(MinecraftServer.java:1086) ~[paper-1.20.2.jar:git-Paper-259]
	at net.minecraft.server.MinecraftServer.lambda$spin$0(MinecraftServer.java:315) ~[paper-1.20.2.jar:git-Paper-259]
	at java.lang.Thread.run(Thread.java:833) ~[?:?]
Caused by: java.lang.ClassNotFoundException: de.mxgu.mxtimer.watchservice.KWatchChannel$Mode
	at org.bukkit.plugin.java.PluginClassLoader.loadClass0(PluginClassLoader.java:197) ~[paper-api-1.20.2-R0.1-SNAPSHOT.jar:?]
	at org.bukkit.plugin.java.PluginClassLoader.loadClass(PluginClassLoader.java:164) ~[paper-api-1.20.2-R0.1-SNAPSHOT.jar:?]
	at java.lang.ClassLoader.loadClass(ClassLoader.java:525) ~[?:?]
	... 13 more
[14:29:57] [Server thread/INFO]: [MXTimer] Disabling MXTimer v1
[14:29:57] [Server thread/INFO]: [MXTimer] [DEBUG] Saving timers to disk
[14:29:57] [Server thread/INFO]: [MXTimer] [DEBUG] Saving timer global-timer...
[14:29:57] [Server thread/INFO]: [MXTimer] [DEBUG] Saving timer 11e6f3a0-d838-4f93-a046-e16e5cd0dbd8...
[14:29:57] [Server thread/ERROR]: Error occurred (in the plugin loader) while disabling MXTimer v1 (Is it up to date?)
java.lang.NoClassDefFoundError: Could not initialize class de.mxgu.mxtimer.utils.DesignHotReloader
	at de.mxgu.mxtimer.MXTimerMain.shutdown(Main.kt:78) ~[MXTimer-1.jar:?]
	at de.maxbossing.mxpaper.main.MXPaper.onDisable(MXPaper.kt:89) ~[MXTimer-1.jar:?]
	at org.bukkit.plugin.java.JavaPlugin.setEnabled(JavaPlugin.java:283) ~[paper-api-1.20.2-R0.1-SNAPSHOT.jar:?]
	at io.papermc.paper.plugin.manager.PaperPluginInstanceManager.disablePlugin(PaperPluginInstanceManager.java:224) ~[paper-1.20.2.jar:git-Paper-259]
	at io.papermc.paper.plugin.manager.PaperPluginManagerImpl.disablePlugin(PaperPluginManagerImpl.java:109) ~[paper-1.20.2.jar:git-Paper-259]
	at org.bukkit.plugin.SimplePluginManager.disablePlugin(SimplePluginManager.java:537) ~[paper-api-1.20.2-R0.1-SNAPSHOT.jar:?]
	at io.papermc.paper.plugin.manager.PaperPluginInstanceManager.enablePlugin(PaperPluginInstanceManager.java:193) ~[paper-1.20.2.jar:git-Paper-259]
	at io.papermc.paper.plugin.manager.PaperPluginManagerImpl.enablePlugin(PaperPluginManagerImpl.java:104) ~[paper-1.20.2.jar:git-Paper-259]
	at org.bukkit.plugin.SimplePluginManager.enablePlugin(SimplePluginManager.java:507) ~[paper-api-1.20.2-R0.1-SNAPSHOT.jar:?]
	at org.bukkit.craftbukkit.v1_20_R2.CraftServer.enablePlugin(CraftServer.java:644) ~[paper-1.20.2.jar:git-Paper-259]
	at org.bukkit.craftbukkit.v1_20_R2.CraftServer.enablePlugins(CraftServer.java:555) ~[paper-1.20.2.jar:git-Paper-259]
	at net.minecraft.server.dedicated.DedicatedServer.initServer(DedicatedServer.java:274) ~[paper-1.20.2.jar:git-Paper-259]
	at net.minecraft.server.MinecraftServer.runServer(MinecraftServer.java:1086) ~[paper-1.20.2.jar:git-Paper-259]
	at net.minecraft.server.MinecraftServer.lambda$spin$0(MinecraftServer.java:315) ~[paper-1.20.2.jar:git-Paper-259]
	at java.lang.Thread.run(Thread.java:833) ~[?:?]
Caused by: java.lang.ExceptionInInitializerError: Exception java.lang.NoClassDefFoundError: de/mxgu/mxtimer/watchservice/KWatchChannel$Mode [in thread "Server thread"]
	at de.mxgu.mxtimer.utils.DesignHotReloader.<clinit>(DesignHotReloader.kt:15) ~[MXTimer-1.jar:?]
	at de.mxgu.mxtimer.MXTimerMain.startup(Main.kt:66) ~[MXTimer-1.jar:?]
	at de.maxbossing.mxpaper.main.MXPaper.onEnable(MXPaper.kt:75) ~[MXTimer-1.jar:?]
	at org.bukkit.plugin.java.JavaPlugin.setEnabled(JavaPlugin.java:281) ~[paper-api-1.20.2-R0.1-SNAPSHOT.jar:?]
	at io.papermc.paper.plugin.manager.PaperPluginInstanceManager.enablePlugin(PaperPluginInstanceManager.java:189) ~[paper-1.20.2.jar:git-Paper-259]
	... 8 more
[14:29:57] [Server thread/INFO]: [LuckPerms] Enabling LuckPerms v5.4.106
[14:29:58] [Server thread/INFO]:         __    
[14:29:58] [Server thread/INFO]:   |    |__)   LuckPerms v5.4.106
[14:29:58] [Server thread/INFO]:   |___ |      Running on Bukkit - Paper
[14:29:58] [Server thread/INFO]: 
[14:29:58] [Server thread/INFO]: [LuckPerms] Loading configuration...
[14:29:58] [Server thread/INFO]: [LuckPerms] Loading storage provider... [H2]
[14:29:58] [Server thread/INFO]: [LuckPerms] Loading internal permission managers...
[14:29:58] [Server thread/INFO]: [LuckPerms] Performing initial data load...
[14:29:58] [Server thread/INFO]: [LuckPerms] Successfully enabled. (took 882ms)
[14:29:58] [Server thread/INFO]: Preparing level "world"
[14:29:59] [Server thread/INFO]: Preparing start region for dimension minecraft:overworld
[14:29:59] [Server thread/INFO]: Time elapsed: 187 ms
[14:29:59] [Server thread/INFO]: Preparing start region for dimension minecraft:the_nether
[14:29:59] [Server thread/INFO]: Time elapsed: 37 ms
[14:29:59] [Server thread/INFO]: Preparing start region for dimension minecraft:the_end
[14:29:59] [Server thread/INFO]: Time elapsed: 30 ms
[14:29:59] [Server thread/INFO]: Running delayed init tasks
[14:29:59] [Server thread/INFO]: Done (3.235s)! For help, type "help"
[14:29:59] [Server thread/INFO]: Timings Reset
